  main.cpp
C:\Program Files (x86)\Windows Kits\10\Include\10.0.22621.0\shared\ntstatus.h(66,1): warning C4005: STATUS_WAIT_0: изменение макроопределения
C:\Program Files (x86)\Windows Kits\10\Include\10.0.22621.0\um\winnt.h(2549,1): message : см. предыдущее определение "STATUS_WAIT_0"
C:\Program Files (x86)\Windows Kits\10\Include\10.0.22621.0\shared\ntstatus.h(223,1): warning C4005: STATUS_ABANDONED_WAIT_0: изменение макроопределения
C:\Program Files (x86)\Windows Kits\10\Include\10.0.22621.0\um\winnt.h(2550,1): message : см. предыдущее определение "STATUS_ABANDONED_WAIT_0"
C:\Program Files (x86)\Windows Kits\10\Include\10.0.22621.0\shared\ntstatus.h(246,1): warning C4005: STATUS_USER_APC: изменение макроопределения
C:\Program Files (x86)\Windows Kits\10\Include\10.0.22621.0\um\winnt.h(2551,1): message : см. предыдущее определение "STATUS_USER_APC"
C:\Program Files (x86)\Windows Kits\10\Include\10.0.22621.0\shared\ntstatus.h(282,1): warning C4005: STATUS_TIMEOUT: изменение макроопределения
C:\Program Files (x86)\Windows Kits\10\Include\10.0.22621.0\um\winnt.h(2552,1): message : см. предыдущее определение "STATUS_TIMEOUT"
C:\Program Files (x86)\Windows Kits\10\Include\10.0.22621.0\shared\ntstatus.h(291,1): warning C4005: STATUS_PENDING: изменение макроопределения
C:\Program Files (x86)\Windows Kits\10\Include\10.0.22621.0\um\winnt.h(2553,1): message : см. предыдущее определение "STATUS_PENDING"
C:\Program Files (x86)\Windows Kits\10\Include\10.0.22621.0\shared\ntstatus.h(747,1): warning C4005: DBG_EXCEPTION_HANDLED: изменение макроопределения
C:\Program Files (x86)\Windows Kits\10\Include\10.0.22621.0\um\winnt.h(2554,1): message : см. предыдущее определение "DBG_EXCEPTION_HANDLED"
C:\Program Files (x86)\Windows Kits\10\Include\10.0.22621.0\shared\ntstatus.h(756,1): warning C4005: DBG_CONTINUE: изменение макроопределения
C:\Program Files (x86)\Windows Kits\10\Include\10.0.22621.0\um\winnt.h(2555,1): message : см. предыдущее определение "DBG_CONTINUE"
C:\Program Files (x86)\Windows Kits\10\Include\10.0.22621.0\shared\ntstatus.h(831,1): warning C4005: STATUS_SEGMENT_NOTIFICATION: изменение макроопределения
C:\Program Files (x86)\Windows Kits\10\Include\10.0.22621.0\um\winnt.h(2556,1): message : см. предыдущее определение "STATUS_SEGMENT_NOTIFICATION"
C:\Program Files (x86)\Windows Kits\10\Include\10.0.22621.0\shared\ntstatus.h(994,1): warning C4005: STATUS_FATAL_APP_EXIT: изменение макроопределения
C:\Program Files (x86)\Windows Kits\10\Include\10.0.22621.0\um\winnt.h(2557,1): message : см. предыдущее определение "STATUS_FATAL_APP_EXIT"
C:\Program Files (x86)\Windows Kits\10\Include\10.0.22621.0\shared\ntstatus.h(1332,1): warning C4005: DBG_REPLY_LATER: изменение макроопределения
C:\Program Files (x86)\Windows Kits\10\Include\10.0.22621.0\um\winnt.h(2558,1): message : см. предыдущее определение "DBG_REPLY_LATER"
C:\Program Files (x86)\Windows Kits\10\Include\10.0.22621.0\shared\ntstatus.h(1350,1): warning C4005: DBG_TERMINATE_THREAD: изменение макроопределения
C:\Program Files (x86)\Windows Kits\10\Include\10.0.22621.0\um\winnt.h(2559,1): message : см. предыдущее определение "DBG_TERMINATE_THREAD"
C:\Program Files (x86)\Windows Kits\10\Include\10.0.22621.0\shared\ntstatus.h(1359,1): warning C4005: DBG_TERMINATE_PROCESS: изменение макроопределения
C:\Program Files (x86)\Windows Kits\10\Include\10.0.22621.0\um\winnt.h(2560,1): message : см. предыдущее определение "DBG_TERMINATE_PROCESS"
C:\Program Files (x86)\Windows Kits\10\Include\10.0.22621.0\shared\ntstatus.h(1368,1): warning C4005: DBG_CONTROL_C: изменение макроопределения
C:\Program Files (x86)\Windows Kits\10\Include\10.0.22621.0\um\winnt.h(2561,1): message : см. предыдущее определение "DBG_CONTROL_C"
C:\Program Files (x86)\Windows Kits\10\Include\10.0.22621.0\shared\ntstatus.h(1377,1): warning C4005: DBG_PRINTEXCEPTION_C: изменение макроопределения
C:\Program Files (x86)\Windows Kits\10\Include\10.0.22621.0\um\winnt.h(2562,1): message : см. предыдущее определение "DBG_PRINTEXCEPTION_C"
C:\Program Files (x86)\Windows Kits\10\Include\10.0.22621.0\shared\ntstatus.h(1386,1): warning C4005: DBG_RIPEXCEPTION: изменение макроопределения
C:\Program Files (x86)\Windows Kits\10\Include\10.0.22621.0\um\winnt.h(2563,1): message : см. предыдущее определение "DBG_RIPEXCEPTION"
C:\Program Files (x86)\Windows Kits\10\Include\10.0.22621.0\shared\ntstatus.h(1395,1): warning C4005: DBG_CONTROL_BREAK: изменение макроопределения
C:\Program Files (x86)\Windows Kits\10\Include\10.0.22621.0\um\winnt.h(2564,1): message : см. предыдущее определение "DBG_CONTROL_BREAK"
C:\Program Files (x86)\Windows Kits\10\Include\10.0.22621.0\shared\ntstatus.h(1404,1): warning C4005: DBG_COMMAND_EXCEPTION: изменение макроопределения
C:\Program Files (x86)\Windows Kits\10\Include\10.0.22621.0\um\winnt.h(2565,1): message : см. предыдущее определение "DBG_COMMAND_EXCEPTION"
C:\Program Files (x86)\Windows Kits\10\Include\10.0.22621.0\shared\ntstatus.h(1413,1): warning C4005: DBG_PRINTEXCEPTION_WIDE_C: изменение макроопределения
C:\Program Files (x86)\Windows Kits\10\Include\10.0.22621.0\um\winnt.h(2566,1): message : см. предыдущее определение "DBG_PRINTEXCEPTION_WIDE_C"
C:\Program Files (x86)\Windows Kits\10\Include\10.0.22621.0\shared\ntstatus.h(1445,1): warning C4005: STATUS_GUARD_PAGE_VIOLATION: изменение макроопределения
C:\Program Files (x86)\Windows Kits\10\Include\10.0.22621.0\um\winnt.h(2567,1): message : см. предыдущее определение "STATUS_GUARD_PAGE_VIOLATION"
C:\Program Files (x86)\Windows Kits\10\Include\10.0.22621.0\shared\ntstatus.h(1456,1): warning C4005: STATUS_DATATYPE_MISALIGNMENT: изменение макроопределения
C:\Program Files (x86)\Windows Kits\10\Include\10.0.22621.0\um\winnt.h(2568,1): message : см. предыдущее определение "STATUS_DATATYPE_MISALIGNMENT"
C:\Program Files (x86)\Windows Kits\10\Include\10.0.22621.0\shared\ntstatus.h(1467,1): warning C4005: STATUS_BREAKPOINT: изменение макроопределения
C:\Program Files (x86)\Windows Kits\10\Include\10.0.22621.0\um\winnt.h(2569,1): message : см. предыдущее определение "STATUS_BREAKPOINT"
C:\Program Files (x86)\Windows Kits\10\Include\10.0.22621.0\shared\ntstatus.h(1478,1): warning C4005: STATUS_SINGLE_STEP: изменение макроопределения
C:\Program Files (x86)\Windows Kits\10\Include\10.0.22621.0\um\winnt.h(2570,1): message : см. предыдущее определение "STATUS_SINGLE_STEP"
C:\Program Files (x86)\Windows Kits\10\Include\10.0.22621.0\shared\ntstatus.h(1781,1): warning C4005: STATUS_LONGJUMP: изменение макроопределения
C:\Program Files (x86)\Windows Kits\10\Include\10.0.22621.0\um\winnt.h(2571,1): message : см. предыдущее определение "STATUS_LONGJUMP"
C:\Program Files (x86)\Windows Kits\10\Include\10.0.22621.0\shared\ntstatus.h(1808,1): warning C4005: STATUS_UNWIND_CONSOLIDATE: изменение макроопределения
C:\Program Files (x86)\Windows Kits\10\Include\10.0.22621.0\um\winnt.h(2572,1): message : см. предыдущее определение "STATUS_UNWIND_CONSOLIDATE"
C:\Program Files (x86)\Windows Kits\10\Include\10.0.22621.0\shared\ntstatus.h(1923,1): warning C4005: DBG_EXCEPTION_NOT_HANDLED: изменение макроопределения
C:\Program Files (x86)\Windows Kits\10\Include\10.0.22621.0\um\winnt.h(2573,1): message : см. предыдущее определение "DBG_EXCEPTION_NOT_HANDLED"
C:\Program Files (x86)\Windows Kits\10\Include\10.0.22621.0\shared\ntstatus.h(2090,1): warning C4005: STATUS_ACCESS_VIOLATION: изменение макроопределения
C:\Program Files (x86)\Windows Kits\10\Include\10.0.22621.0\um\winnt.h(2574,1): message : см. предыдущее определение "STATUS_ACCESS_VIOLATION"
C:\Program Files (x86)\Windows Kits\10\Include\10.0.22621.0\shared\ntstatus.h(2099,1): warning C4005: STATUS_IN_PAGE_ERROR: изменение макроопределения
C:\Program Files (x86)\Windows Kits\10\Include\10.0.22621.0\um\winnt.h(2575,1): message : см. предыдущее определение "STATUS_IN_PAGE_ERROR"
C:\Program Files (x86)\Windows Kits\10\Include\10.0.22621.0\shared\ntstatus.h(2117,1): warning C4005: STATUS_INVALID_HANDLE: изменение макроопределения
C:\Program Files (x86)\Windows Kits\10\Include\10.0.22621.0\um\winnt.h(2576,1): message : см. предыдущее определение "STATUS_INVALID_HANDLE"
C:\Program Files (x86)\Windows Kits\10\Include\10.0.22621.0\shared\ntstatus.h(2162,1): warning C4005: STATUS_INVALID_PARAMETER: изменение макроопределения
C:\Program Files (x86)\Windows Kits\10\Include\10.0.22621.0\um\winnt.h(2577,1): message : см. предыдущее определение "STATUS_INVALID_PARAMETER"
C:\Program Files (x86)\Windows Kits\10\Include\10.0.22621.0\shared\ntstatus.h(2262,1): warning C4005: STATUS_NO_MEMORY: изменение макроопределения
C:\Program Files (x86)\Windows Kits\10\Include\10.0.22621.0\um\winnt.h(2578,1): message : см. предыдущее определение "STATUS_NO_MEMORY"
C:\Program Files (x86)\Windows Kits\10\Include\10.0.22621.0\shared\ntstatus.h(2319,1): warning C4005: STATUS_ILLEGAL_INSTRUCTION: изменение макроопределения
C:\Program Files (x86)\Windows Kits\10\Include\10.0.22621.0\um\winnt.h(2579,1): message : см. предыдущее определение "STATUS_ILLEGAL_INSTRUCTION"
C:\Program Files (x86)\Windows Kits\10\Include\10.0.22621.0\shared\ntstatus.h(2400,1): warning C4005: STATUS_NONCONTINUABLE_EXCEPTION: изменение макроопределения
C:\Program Files (x86)\Windows Kits\10\Include\10.0.22621.0\um\winnt.h(2580,1): message : см. предыдущее определение "STATUS_NONCONTINUABLE_EXCEPTION"
C:\Program Files (x86)\Windows Kits\10\Include\10.0.22621.0\shared\ntstatus.h(2409,1): warning C4005: STATUS_INVALID_DISPOSITION: изменение макроопределения
C:\Program Files (x86)\Windows Kits\10\Include\10.0.22621.0\um\winnt.h(2581,1): message : см. предыдущее определение "STATUS_INVALID_DISPOSITION"
C:\Program Files (x86)\Windows Kits\10\Include\10.0.22621.0\shared\ntstatus.h(3342,1): warning C4005: STATUS_ARRAY_BOUNDS_EXCEEDED: изменение макроопределения
C:\Program Files (x86)\Windows Kits\10\Include\10.0.22621.0\um\winnt.h(2582,1): message : см. предыдущее определение "STATUS_ARRAY_BOUNDS_EXCEEDED"
C:\Program Files (x86)\Windows Kits\10\Include\10.0.22621.0\shared\ntstatus.h(3352,1): warning C4005: STATUS_FLOAT_DENORMAL_OPERAND: изменение макроопределения
C:\Program Files (x86)\Windows Kits\10\Include\10.0.22621.0\um\winnt.h(2583,1): message : см. предыдущее определение "STATUS_FLOAT_DENORMAL_OPERAND"
C:\Program Files (x86)\Windows Kits\10\Include\10.0.22621.0\shared\ntstatus.h(3362,1): warning C4005: STATUS_FLOAT_DIVIDE_BY_ZERO: изменение макроопределения
C:\Program Files (x86)\Windows Kits\10\Include\10.0.22621.0\um\winnt.h(2584,1): message : см. предыдущее определение "STATUS_FLOAT_DIVIDE_BY_ZERO"
C:\Program Files (x86)\Windows Kits\10\Include\10.0.22621.0\shared\ntstatus.h(3372,1): warning C4005: STATUS_FLOAT_INEXACT_RESULT: изменение макроопределения
C:\Program Files (x86)\Windows Kits\10\Include\10.0.22621.0\um\winnt.h(2585,1): message : см. предыдущее определение "STATUS_FLOAT_INEXACT_RESULT"
C:\Program Files (x86)\Windows Kits\10\Include\10.0.22621.0\shared\ntstatus.h(3382,1): warning C4005: STATUS_FLOAT_INVALID_OPERATION: изменение макроопределения
C:\Program Files (x86)\Windows Kits\10\Include\10.0.22621.0\um\winnt.h(2586,1): message : см. предыдущее определение "STATUS_FLOAT_INVALID_OPERATION"
C:\Program Files (x86)\Windows Kits\10\Include\10.0.22621.0\shared\ntstatus.h(3392,1): warning C4005: STATUS_FLOAT_OVERFLOW: изменение макроопределения
C:\Program Files (x86)\Windows Kits\10\Include\10.0.22621.0\um\winnt.h(2587,1): message : см. предыдущее определение "STATUS_FLOAT_OVERFLOW"
C:\Program Files (x86)\Windows Kits\10\Include\10.0.22621.0\shared\ntstatus.h(3402,1): warning C4005: STATUS_FLOAT_STACK_CHECK: изменение макроопределения
C:\Program Files (x86)\Windows Kits\10\Include\10.0.22621.0\um\winnt.h(2588,1): message : см. предыдущее определение "STATUS_FLOAT_STACK_CHECK"
C:\Program Files (x86)\Windows Kits\10\Include\10.0.22621.0\shared\ntstatus.h(3412,1): warning C4005: STATUS_FLOAT_UNDERFLOW: изменение макроопределения
C:\Program Files (x86)\Windows Kits\10\Include\10.0.22621.0\um\winnt.h(2589,1): message : см. предыдущее определение "STATUS_FLOAT_UNDERFLOW"
C:\Program Files (x86)\Windows Kits\10\Include\10.0.22621.0\shared\ntstatus.h(3422,1): warning C4005: STATUS_INTEGER_DIVIDE_BY_ZERO: изменение макроопределения
C:\Program Files (x86)\Windows Kits\10\Include\10.0.22621.0\um\winnt.h(2590,1): message : см. предыдущее определение "STATUS_INTEGER_DIVIDE_BY_ZERO"
C:\Program Files (x86)\Windows Kits\10\Include\10.0.22621.0\shared\ntstatus.h(3432,1): warning C4005: STATUS_INTEGER_OVERFLOW: изменение макроопределения
C:\Program Files (x86)\Windows Kits\10\Include\10.0.22621.0\um\winnt.h(2591,1): message : см. предыдущее определение "STATUS_INTEGER_OVERFLOW"
C:\Program Files (x86)\Windows Kits\10\Include\10.0.22621.0\shared\ntstatus.h(3442,1): warning C4005: STATUS_PRIVILEGED_INSTRUCTION: изменение макроопределения
C:\Program Files (x86)\Windows Kits\10\Include\10.0.22621.0\um\winnt.h(2592,1): message : см. предыдущее определение "STATUS_PRIVILEGED_INSTRUCTION"
C:\Program Files (x86)\Windows Kits\10\Include\10.0.22621.0\shared\ntstatus.h(4388,1): warning C4005: STATUS_STACK_OVERFLOW: изменение макроопределения
C:\Program Files (x86)\Windows Kits\10\Include\10.0.22621.0\um\winnt.h(2593,1): message : см. предыдущее определение "STATUS_STACK_OVERFLOW"
C:\Program Files (x86)\Windows Kits\10\Include\10.0.22621.0\shared\ntstatus.h(4905,1): warning C4005: STATUS_DLL_NOT_FOUND: изменение макроопределения
C:\Program Files (x86)\Windows Kits\10\Include\10.0.22621.0\um\winnt.h(2594,1): message : см. предыдущее определение "STATUS_DLL_NOT_FOUND"
C:\Program Files (x86)\Windows Kits\10\Include\10.0.22621.0\shared\ntstatus.h(4934,1): warning C4005: STATUS_ORDINAL_NOT_FOUND: изменение макроопределения
C:\Program Files (x86)\Windows Kits\10\Include\10.0.22621.0\um\winnt.h(2595,1): message : см. предыдущее определение "STATUS_ORDINAL_NOT_FOUND"
C:\Program Files (x86)\Windows Kits\10\Include\10.0.22621.0\shared\ntstatus.h(4944,1): warning C4005: STATUS_ENTRYPOINT_NOT_FOUND: изменение макроопределения
C:\Program Files (x86)\Windows Kits\10\Include\10.0.22621.0\um\winnt.h(2596,1): message : см. предыдущее определение "STATUS_ENTRYPOINT_NOT_FOUND"
C:\Program Files (x86)\Windows Kits\10\Include\10.0.22621.0\shared\ntstatus.h(4954,1): warning C4005: STATUS_CONTROL_C_EXIT: изменение макроопределения
C:\Program Files (x86)\Windows Kits\10\Include\10.0.22621.0\um\winnt.h(2597,1): message : см. предыдущее определение "STATUS_CONTROL_C_EXIT"
C:\Program Files (x86)\Windows Kits\10\Include\10.0.22621.0\shared\ntstatus.h(5032,1): warning C4005: STATUS_DLL_INIT_FAILED: изменение макроопределения
C:\Program Files (x86)\Windows Kits\10\Include\10.0.22621.0\um\winnt.h(2598,1): message : см. предыдущее определение "STATUS_DLL_INIT_FAILED"
C:\Program Files (x86)\Windows Kits\10\Include\10.0.22621.0\shared\ntstatus.h(6029,1): warning C4005: STATUS_CONTROL_STACK_VIOLATION: изменение макроопределения
C:\Program Files (x86)\Windows Kits\10\Include\10.0.22621.0\um\winnt.h(2599,1): message : см. предыдущее определение "STATUS_CONTROL_STACK_VIOLATION"
C:\Program Files (x86)\Windows Kits\10\Include\10.0.22621.0\shared\ntstatus.h(7623,1): warning C4005: STATUS_FLOAT_MULTIPLE_FAULTS: изменение макроопределения
C:\Program Files (x86)\Windows Kits\10\Include\10.0.22621.0\um\winnt.h(2600,1): message : см. предыдущее определение "STATUS_FLOAT_MULTIPLE_FAULTS"
C:\Program Files (x86)\Windows Kits\10\Include\10.0.22621.0\shared\ntstatus.h(7633,1): warning C4005: STATUS_FLOAT_MULTIPLE_TRAPS: изменение макроопределения
C:\Program Files (x86)\Windows Kits\10\Include\10.0.22621.0\um\winnt.h(2601,1): message : см. предыдущее определение "STATUS_FLOAT_MULTIPLE_TRAPS"
C:\Program Files (x86)\Windows Kits\10\Include\10.0.22621.0\shared\ntstatus.h(7765,1): warning C4005: STATUS_REG_NAT_CONSUMPTION: изменение макроопределения
C:\Program Files (x86)\Windows Kits\10\Include\10.0.22621.0\um\winnt.h(2602,1): message : см. предыдущее определение "STATUS_REG_NAT_CONSUMPTION"
C:\Program Files (x86)\Windows Kits\10\Include\10.0.22621.0\shared\ntstatus.h(8748,1): warning C4005: STATUS_HEAP_CORRUPTION: изменение макроопределения
C:\Program Files (x86)\Windows Kits\10\Include\10.0.22621.0\um\winnt.h(2603,1): message : см. предыдущее определение "STATUS_HEAP_CORRUPTION"
C:\Program Files (x86)\Windows Kits\10\Include\10.0.22621.0\shared\ntstatus.h(8976,1): warning C4005: STATUS_STACK_BUFFER_OVERRUN: изменение макроопределения
C:\Program Files (x86)\Windows Kits\10\Include\10.0.22621.0\um\winnt.h(2604,1): message : см. предыдущее определение "STATUS_STACK_BUFFER_OVERRUN"
C:\Program Files (x86)\Windows Kits\10\Include\10.0.22621.0\shared\ntstatus.h(9103,1): warning C4005: STATUS_INVALID_CRUNTIME_PARAMETER: изменение макроопределения
C:\Program Files (x86)\Windows Kits\10\Include\10.0.22621.0\um\winnt.h(2605,1): message : см. предыдущее определение "STATUS_INVALID_CRUNTIME_PARAMETER"
C:\Program Files (x86)\Windows Kits\10\Include\10.0.22621.0\shared\ntstatus.h(9166,1): warning C4005: STATUS_ASSERTION_FAILURE: изменение макроопределения
C:\Program Files (x86)\Windows Kits\10\Include\10.0.22621.0\um\winnt.h(2606,1): message : см. предыдущее определение "STATUS_ASSERTION_FAILURE"
C:\Program Files (x86)\Windows Kits\10\Include\10.0.22621.0\shared\ntstatus.h(10075,1): warning C4005: STATUS_ENCLAVE_VIOLATION: изменение макроопределения
C:\Program Files (x86)\Windows Kits\10\Include\10.0.22621.0\um\winnt.h(2607,1): message : см. предыдущее определение "STATUS_ENCLAVE_VIOLATION"
C:\Program Files (x86)\Windows Kits\10\Include\10.0.22621.0\shared\ntstatus.h(10736,1): warning C4005: STATUS_INTERRUPTED: изменение макроопределения
C:\Program Files (x86)\Windows Kits\10\Include\10.0.22621.0\um\winnt.h(2608,1): message : см. предыдущее определение "STATUS_INTERRUPTED"
C:\Program Files (x86)\Windows Kits\10\Include\10.0.22621.0\shared\ntstatus.h(10745,1): warning C4005: STATUS_THREAD_NOT_RUNNING: изменение макроопределения
C:\Program Files (x86)\Windows Kits\10\Include\10.0.22621.0\um\winnt.h(2609,1): message : см. предыдущее определение "STATUS_THREAD_NOT_RUNNING"
C:\Program Files (x86)\Windows Kits\10\Include\10.0.22621.0\shared\ntstatus.h(11057,1): warning C4005: STATUS_ALREADY_REGISTERED: изменение макроопределения
C:\Program Files (x86)\Windows Kits\10\Include\10.0.22621.0\um\winnt.h(2610,1): message : см. предыдущее определение "STATUS_ALREADY_REGISTERED"
C:\Program Files (x86)\Windows Kits\10\Include\10.0.22621.0\shared\ntstatus.h(14976,1): warning C4005: STATUS_SXS_EARLY_DEACTIVATION: изменение макроопределения
C:\Program Files (x86)\Windows Kits\10\Include\10.0.22621.0\um\winnt.h(2612,1): message : см. предыдущее определение "STATUS_SXS_EARLY_DEACTIVATION"
C:\Program Files (x86)\Windows Kits\10\Include\10.0.22621.0\shared\ntstatus.h(14985,1): warning C4005: STATUS_SXS_INVALID_DEACTIVATION: изменение макроопределения
C:\Program Files (x86)\Windows Kits\10\Include\10.0.22621.0\um\winnt.h(2613,1): message : см. предыдущее определение "STATUS_SXS_INVALID_DEACTIVATION"
C:\Users\zebra\Desktop\BypPH\BypaPH\Driver.hpp(95,38): warning C4267: аргумент: преобразование из "size_t" в "const DWORD"; возможна потеря данных
C:\Program Files\Microsoft Visual Studio\2022\Community\VC\Tools\MSVC\14.37.32822\include\string_view(13): warning STL4038: The contents of <string_view> are available only with C++17 or later.
C:\Users\zebra\Desktop\BypPH\BypaPH\main.cpp(54,15): warning C4244: =: преобразование "DWORD_PTR" в "DWORD", возможна потеря данных
C:\Program Files\Microsoft Visual Studio\2022\Community\VC\Tools\MSVC\14.37.32822\include\xstring(2728,53): warning C4244: аргумент: преобразование "wchar_t" в "const _Elem", возможна потеря данных
          with
          [
              _Elem=char
          ]
C:\Program Files\Microsoft Visual Studio\2022\Community\VC\Tools\MSVC\14.37.32822\include\xstring(2584,17): message : выполняется компиляция ссылки на экземпляр шаблон функции "void std::basic_string<char,std::char_traits<char>,std::allocator<char>>::_Construct_from_iter<wchar_t*,wchar_t*,_Size_type>(_Iter,const _Sent,_Size)"
          with
          [
              _Size_type=unsigned __int64,
              _Iter=wchar_t *,
              _Sent=wchar_t *,
              _Size=unsigned __int64
          ]
C:\Program Files\Microsoft Visual Studio\2022\Community\VC\Tools\MSVC\14.37.32822\include\xstring(3426,32): message : выполняется компиляция ссылки на экземпляр шаблон функции "std::basic_string<char,std::char_traits<char>,std::allocator<char>>::basic_string<wchar_t*,0>(_Iter,_Iter,const _Alloc &)"
          with
          [
              _Iter=wchar_t *,
              _Alloc=std::allocator<char>
          ]
C:\Users\zebra\Desktop\BypPH\BypaPH\Tools.hpp(12,63): message : выполняется компиляция ссылки на экземпляр шаблон функции "std::basic_string<char,std::char_traits<char>,std::allocator<char>> &std::basic_string<char,std::char_traits<char>,std::allocator<char>>::assign<std::_String_iterator<std::_String_val<std::_Simple_types<_Elem>>>,0>(const _Iter,const _Iter)"
          with
          [
              _Elem=wchar_t,
              _Iter=std::_String_iterator<std::_String_val<std::_Simple_types<wchar_t>>>
          ]
C:\Users\zebra\Desktop\BypPH\BypaPH\Tools.hpp(12,70): message : см. первую ссылку на "std::basic_string<char,std::char_traits<char>,std::allocator<char>>::assign" в "wstr2str"
  Создание кода
  1 of 219 functions ( 0.5%) were compiled, the rest were copied from previous compilation.
    0 functions were new in current compilation
    0 functions had inline decision re-evaluated but remain unchanged
  Создание кода завершено
  BypaPH.vcxproj -> C:\Users\zebra\Desktop\BypPH\x64\Release\BypaPH.exe
